<?xml version="1.0" encoding="UTF-8"?>
<testng-results skipped="0" failed="0" ignored="0" total="1" passed="1">
  <reporter-output>
  </reporter-output>
  <suite name="Default suite" duration-ms="18165" started-at="2019-03-21T19:20:21Z" finished-at="2019-03-21T19:20:39Z">
    <groups>
    </groups>
    <test name="Default test" duration-ms="18165" started-at="2019-03-21T19:20:21Z" finished-at="2019-03-21T19:20:39Z">
      <class name="test.sports">
        <test-method status="PASS" signature="data()[pri:0, instance:test.sports@2c039ac6]" name="data" duration-ms="18142" started-at="2019-03-21T19:20:21Z" finished-at="2019-03-21T19:20:39Z">
          <reporter-output>
          </reporter-output>
        </test-method> <!-- data -->
      </class> <!-- test.sports -->
    </test> <!-- Default test -->
  </suite> <!-- Default suite -->
</testng-results>
